<?xml version="1.0" encoding="UTF-8"?>
<!-- Generated by org.testng.reporters.JUnitXMLReporter -->
<testsuite hostname="DESKTOP-N60QB27" ignored="0" name="My Test" tests="4" failures="0" timestamp="2022-11-15T13:45:29 IST" time="0.089" errors="0">
  <testcase name="test1" time="0.019" classname="tests.TestCase1"/>
  <testcase name="test2" time="0.002" classname="tests.TestCase1"/>
  <testcase name="test3" time="0.001" classname="tests.TestCase2"/>
  <testcase name="test4" time="0.001" classname="tests.TestCase2"/>
</testsuite> <!-- My Test -->
