<?xml version="1.0" encoding="UTF-8"?>
<!-- Generated by org.testng.reporters.JUnitXMLReporter -->
<testsuite hostname="DESKTOP-N60QB27" ignored="0" name="VV Test" tests="3" failures="0" timestamp="2022-11-15T14:13:39 IST" time="0.086" errors="0">
  <testcase name="add" time="0.015" classname="tests.TestNGParameterDemo"/>
  <testcase name="multiply" time="0.002" classname="tests.TestNGParameterDemo"/>
  <testcase name="subtract" time="0.001" classname="tests.TestNGParameterDemo"/>
</testsuite> <!-- VV Test -->
